2012-03-31 02:45:30 Warning: Warning (2): Invalid argument supplied for foreach() in [C:\xampp\htdocs\cadastro_cultural\views\pfs\edit.ctp, line 199]
2012-03-31 02:45:30 Warning: Warning (2): Invalid argument supplied for foreach() in [C:\xampp\htdocs\cadastro_cultural\views\pfs\edit.ctp, line 296]
2012-03-31 02:45:30 Warning: Warning (2): Invalid argument supplied for foreach() in [C:\xampp\htdocs\cadastro_cultural\views\pfs\edit.ctp, line 328]
2012-03-31 02:45:30 Warning: Warning (2): Invalid argument supplied for foreach() in [C:\xampp\htdocs\cadastro_cultural\views\pfs\edit.ctp, line 357]
2012-03-31 02:45:31 Warning: Warning (2): Invalid argument supplied for foreach() in [C:\xampp\htdocs\cadastro_cultural\views\pfs\edit.ctp, line 199]
2012-03-31 02:45:31 Warning: Warning (2): Invalid argument supplied for foreach() in [C:\xampp\htdocs\cadastro_cultural\views\pfs\edit.ctp, line 296]
2012-03-31 02:45:31 Warning: Warning (2): Invalid argument supplied for foreach() in [C:\xampp\htdocs\cadastro_cultural\views\pfs\edit.ctp, line 328]
2012-03-31 02:45:31 Warning: Warning (2): Invalid argument supplied for foreach() in [C:\xampp\htdocs\cadastro_cultural\views\pfs\edit.ctp, line 357]
2012-03-31 02:45:31 Warning: Warning (2): Invalid argument supplied for foreach() in [C:\xampp\htdocs\cadastro_cultural\views\pfs\edit.ctp, line 199]
2012-03-31 02:45:31 Warning: Warning (2): Invalid argument supplied for foreach() in [C:\xampp\htdocs\cadastro_cultural\views\pfs\edit.ctp, line 296]
2012-03-31 02:45:31 Warning: Warning (2): Invalid argument supplied for foreach() in [C:\xampp\htdocs\cadastro_cultural\views\pfs\edit.ctp, line 328]
2012-03-31 02:45:31 Warning: Warning (2): Invalid argument supplied for foreach() in [C:\xampp\htdocs\cadastro_cultural\views\pfs\edit.ctp, line 357]
2012-03-31 02:45:32 Warning: Warning (2): Invalid argument supplied for foreach() in [C:\xampp\htdocs\cadastro_cultural\views\pfs\edit.ctp, line 199]
2012-03-31 02:45:32 Warning: Warning (2): Invalid argument supplied for foreach() in [C:\xampp\htdocs\cadastro_cultural\views\pfs\edit.ctp, line 296]
2012-03-31 02:45:32 Warning: Warning (2): Invalid argument supplied for foreach() in [C:\xampp\htdocs\cadastro_cultural\views\pfs\edit.ctp, line 328]
2012-03-31 02:45:32 Warning: Warning (2): Invalid argument supplied for foreach() in [C:\xampp\htdocs\cadastro_cultural\views\pfs\edit.ctp, line 357]
2012-03-31 02:46:07 Warning: Warning (2): pg_query() [<a href='http://php.net/function.pg-query'>function.pg-query</a>]: Query failed: ERRO:  sintaxe de entrada é inválida para integer: &quot;img&quot;
LINE 1: ...&quot;.&quot;cidade_id&quot; = &quot;Cidade&quot;.&quot;id&quot;)  WHERE &quot;Pf&quot;.&quot;id&quot; = 'img'    L...
                                                             ^ in [C:\xampp\htdocs\cake\libs\model\datasources\dbo\dbo_postgres.php, line 167]
2012-03-31 02:46:07 Warning: Warning (512): <span style="color:Red;text-align:left"><b>Erro:</b> ERRO:  sintaxe de entrada é inválida para integer: "img"
LINE 1: ..."."cidade_id" = "Cidade"."id")  WHERE "Pf"."id" = 'img'    L...
                                                             ^</span> in [C:\xampp\htdocs\cake\libs\model\datasources\dbo_source.php, line 681]
2012-03-31 02:46:07 Warning: Warning (2): Invalid argument supplied for foreach() in [C:\xampp\htdocs\cadastro_cultural\views\pfs\edit.ctp, line 199]
2012-03-31 02:46:07 Warning: Warning (2): Invalid argument supplied for foreach() in [C:\xampp\htdocs\cadastro_cultural\views\pfs\edit.ctp, line 296]
2012-03-31 02:46:07 Warning: Warning (2): Invalid argument supplied for foreach() in [C:\xampp\htdocs\cadastro_cultural\views\pfs\edit.ctp, line 328]
2012-03-31 02:46:07 Warning: Warning (2): Invalid argument supplied for foreach() in [C:\xampp\htdocs\cadastro_cultural\views\pfs\edit.ctp, line 357]
2012-03-31 02:46:07 Warning: Warning (2): pg_query() [<a href='http://php.net/function.pg-query'>function.pg-query</a>]: Query failed: ERRO:  sintaxe de entrada é inválida para integer: &quot;img&quot;
LINE 1: ...&quot;.&quot;cidade_id&quot; = &quot;Cidade&quot;.&quot;id&quot;)  WHERE &quot;Pf&quot;.&quot;id&quot; = 'img'    L...
                                                             ^ in [C:\xampp\htdocs\cake\libs\model\datasources\dbo\dbo_postgres.php, line 167]
2012-03-31 02:46:07 Warning: Warning (512): <span style="color:Red;text-align:left"><b>Erro:</b> ERRO:  sintaxe de entrada é inválida para integer: "img"
LINE 1: ..."."cidade_id" = "Cidade"."id")  WHERE "Pf"."id" = 'img'    L...
                                                             ^</span> in [C:\xampp\htdocs\cake\libs\model\datasources\dbo_source.php, line 681]
2012-03-31 02:46:08 Warning: Warning (2): Invalid argument supplied for foreach() in [C:\xampp\htdocs\cadastro_cultural\views\pfs\edit.ctp, line 199]
2012-03-31 02:46:08 Warning: Warning (2): Invalid argument supplied for foreach() in [C:\xampp\htdocs\cadastro_cultural\views\pfs\edit.ctp, line 296]
2012-03-31 02:46:08 Warning: Warning (2): Invalid argument supplied for foreach() in [C:\xampp\htdocs\cadastro_cultural\views\pfs\edit.ctp, line 328]
2012-03-31 02:46:08 Warning: Warning (2): Invalid argument supplied for foreach() in [C:\xampp\htdocs\cadastro_cultural\views\pfs\edit.ctp, line 357]
2012-03-31 02:48:09 Warning: Warning (2): pg_query() [<a href='http://php.net/function.pg-query'>function.pg-query</a>]: Query failed: ERRO:  sintaxe de entrada é inválida para integer: &quot;img&quot;
LINE 1: ...&quot;.&quot;cidade_id&quot; = &quot;Cidade&quot;.&quot;id&quot;)  WHERE &quot;Pf&quot;.&quot;id&quot; = 'img'    L...
                                                             ^ in [C:\xampp\htdocs\cake\libs\model\datasources\dbo\dbo_postgres.php, line 167]
2012-03-31 02:48:09 Warning: Warning (512): <span style="color:Red;text-align:left"><b>Erro:</b> ERRO:  sintaxe de entrada é inválida para integer: "img"
LINE 1: ..."."cidade_id" = "Cidade"."id")  WHERE "Pf"."id" = 'img'    L...
                                                             ^</span> in [C:\xampp\htdocs\cake\libs\model\datasources\dbo_source.php, line 681]
2012-03-31 02:48:10 Warning: Warning (2): Invalid argument supplied for foreach() in [C:\xampp\htdocs\cadastro_cultural\views\pfs\edit.ctp, line 199]
2012-03-31 02:48:10 Warning: Warning (2): Invalid argument supplied for foreach() in [C:\xampp\htdocs\cadastro_cultural\views\pfs\edit.ctp, line 296]
2012-03-31 02:48:10 Warning: Warning (2): Invalid argument supplied for foreach() in [C:\xampp\htdocs\cadastro_cultural\views\pfs\edit.ctp, line 328]
2012-03-31 02:48:10 Warning: Warning (2): Invalid argument supplied for foreach() in [C:\xampp\htdocs\cadastro_cultural\views\pfs\edit.ctp, line 357]
2012-03-31 02:48:10 Warning: Warning (2): pg_query() [<a href='http://php.net/function.pg-query'>function.pg-query</a>]: Query failed: ERRO:  sintaxe de entrada é inválida para integer: &quot;img&quot;
LINE 1: ...&quot;.&quot;cidade_id&quot; = &quot;Cidade&quot;.&quot;id&quot;)  WHERE &quot;Pf&quot;.&quot;id&quot; = 'img'    L...
                                                             ^ in [C:\xampp\htdocs\cake\libs\model\datasources\dbo\dbo_postgres.php, line 167]
2012-03-31 02:48:10 Warning: Warning (512): <span style="color:Red;text-align:left"><b>Erro:</b> ERRO:  sintaxe de entrada é inválida para integer: "img"
LINE 1: ..."."cidade_id" = "Cidade"."id")  WHERE "Pf"."id" = 'img'    L...
                                                             ^</span> in [C:\xampp\htdocs\cake\libs\model\datasources\dbo_source.php, line 681]
2012-03-31 02:48:10 Warning: Warning (2): Invalid argument supplied for foreach() in [C:\xampp\htdocs\cadastro_cultural\views\pfs\edit.ctp, line 199]
2012-03-31 02:48:10 Warning: Warning (2): Invalid argument supplied for foreach() in [C:\xampp\htdocs\cadastro_cultural\views\pfs\edit.ctp, line 296]
2012-03-31 02:48:10 Warning: Warning (2): Invalid argument supplied for foreach() in [C:\xampp\htdocs\cadastro_cultural\views\pfs\edit.ctp, line 328]
2012-03-31 02:48:10 Warning: Warning (2): Invalid argument supplied for foreach() in [C:\xampp\htdocs\cadastro_cultural\views\pfs\edit.ctp, line 357]
2012-03-31 02:48:51 Warning: Warning (2): pg_query() [<a href='http://php.net/function.pg-query'>function.pg-query</a>]: Query failed: ERRO:  sintaxe de entrada é inválida para integer: &quot;img&quot;
LINE 1: ...&quot;.&quot;cidade_id&quot; = &quot;Cidade&quot;.&quot;id&quot;)  WHERE &quot;Pf&quot;.&quot;id&quot; = 'img'    L...
                                                             ^ in [C:\xampp\htdocs\cake\libs\model\datasources\dbo\dbo_postgres.php, line 167]
2012-03-31 02:48:51 Warning: Warning (512): <span style="color:Red;text-align:left"><b>Erro:</b> ERRO:  sintaxe de entrada é inválida para integer: "img"
LINE 1: ..."."cidade_id" = "Cidade"."id")  WHERE "Pf"."id" = 'img'    L...
                                                             ^</span> in [C:\xampp\htdocs\cake\libs\model\datasources\dbo_source.php, line 681]
2012-03-31 02:48:51 Warning: Warning (2): Invalid argument supplied for foreach() in [C:\xampp\htdocs\cadastro_cultural\views\pfs\edit.ctp, line 199]
2012-03-31 02:48:51 Warning: Warning (2): Invalid argument supplied for foreach() in [C:\xampp\htdocs\cadastro_cultural\views\pfs\edit.ctp, line 296]
2012-03-31 02:48:51 Warning: Warning (2): Invalid argument supplied for foreach() in [C:\xampp\htdocs\cadastro_cultural\views\pfs\edit.ctp, line 328]
2012-03-31 02:48:51 Warning: Warning (2): Invalid argument supplied for foreach() in [C:\xampp\htdocs\cadastro_cultural\views\pfs\edit.ctp, line 357]
2012-03-31 02:48:52 Warning: Warning (2): pg_query() [<a href='http://php.net/function.pg-query'>function.pg-query</a>]: Query failed: ERRO:  sintaxe de entrada é inválida para integer: &quot;img&quot;
LINE 1: ...&quot;.&quot;cidade_id&quot; = &quot;Cidade&quot;.&quot;id&quot;)  WHERE &quot;Pf&quot;.&quot;id&quot; = 'img'    L...
                                                             ^ in [C:\xampp\htdocs\cake\libs\model\datasources\dbo\dbo_postgres.php, line 167]
2012-03-31 02:48:52 Warning: Warning (512): <span style="color:Red;text-align:left"><b>Erro:</b> ERRO:  sintaxe de entrada é inválida para integer: "img"
LINE 1: ..."."cidade_id" = "Cidade"."id")  WHERE "Pf"."id" = 'img'    L...
                                                             ^</span> in [C:\xampp\htdocs\cake\libs\model\datasources\dbo_source.php, line 681]
2012-03-31 02:48:52 Warning: Warning (2): Invalid argument supplied for foreach() in [C:\xampp\htdocs\cadastro_cultural\views\pfs\edit.ctp, line 199]
2012-03-31 02:48:52 Warning: Warning (2): Invalid argument supplied for foreach() in [C:\xampp\htdocs\cadastro_cultural\views\pfs\edit.ctp, line 296]
2012-03-31 02:48:52 Warning: Warning (2): Invalid argument supplied for foreach() in [C:\xampp\htdocs\cadastro_cultural\views\pfs\edit.ctp, line 328]
2012-03-31 02:48:52 Warning: Warning (2): Invalid argument supplied for foreach() in [C:\xampp\htdocs\cadastro_cultural\views\pfs\edit.ctp, line 357]
2012-03-31 02:50:41 Warning: Warning (2): pg_query() [<a href='http://php.net/function.pg-query'>function.pg-query</a>]: Query failed: ERRO:  sintaxe de entrada é inválida para integer: &quot;img&quot;
LINE 1: ...&quot;.&quot;cidade_id&quot; = &quot;Cidade&quot;.&quot;id&quot;)  WHERE &quot;Pf&quot;.&quot;id&quot; = 'img'    L...
                                                             ^ in [C:\xampp\htdocs\cake\libs\model\datasources\dbo\dbo_postgres.php, line 167]
2012-03-31 02:50:41 Warning: Warning (512): <span style="color:Red;text-align:left"><b>Erro:</b> ERRO:  sintaxe de entrada é inválida para integer: "img"
LINE 1: ..."."cidade_id" = "Cidade"."id")  WHERE "Pf"."id" = 'img'    L...
                                                             ^</span> in [C:\xampp\htdocs\cake\libs\model\datasources\dbo_source.php, line 681]
2012-03-31 02:50:42 Warning: Warning (2): Invalid argument supplied for foreach() in [C:\xampp\htdocs\cadastro_cultural\views\pfs\edit.ctp, line 199]
2012-03-31 02:50:42 Warning: Warning (2): Invalid argument supplied for foreach() in [C:\xampp\htdocs\cadastro_cultural\views\pfs\edit.ctp, line 296]
2012-03-31 02:50:42 Warning: Warning (2): Invalid argument supplied for foreach() in [C:\xampp\htdocs\cadastro_cultural\views\pfs\edit.ctp, line 328]
2012-03-31 02:50:42 Warning: Warning (2): Invalid argument supplied for foreach() in [C:\xampp\htdocs\cadastro_cultural\views\pfs\edit.ctp, line 357]
2012-03-31 02:50:42 Warning: Warning (2): pg_query() [<a href='http://php.net/function.pg-query'>function.pg-query</a>]: Query failed: ERRO:  sintaxe de entrada é inválida para integer: &quot;img&quot;
LINE 1: ...&quot;.&quot;cidade_id&quot; = &quot;Cidade&quot;.&quot;id&quot;)  WHERE &quot;Pf&quot;.&quot;id&quot; = 'img'    L...
                                                             ^ in [C:\xampp\htdocs\cake\libs\model\datasources\dbo\dbo_postgres.php, line 167]
2012-03-31 02:50:42 Warning: Warning (512): <span style="color:Red;text-align:left"><b>Erro:</b> ERRO:  sintaxe de entrada é inválida para integer: "img"
LINE 1: ..."."cidade_id" = "Cidade"."id")  WHERE "Pf"."id" = 'img'    L...
                                                             ^</span> in [C:\xampp\htdocs\cake\libs\model\datasources\dbo_source.php, line 681]
2012-03-31 02:50:42 Warning: Warning (2): Invalid argument supplied for foreach() in [C:\xampp\htdocs\cadastro_cultural\views\pfs\edit.ctp, line 199]
2012-03-31 02:50:42 Warning: Warning (2): Invalid argument supplied for foreach() in [C:\xampp\htdocs\cadastro_cultural\views\pfs\edit.ctp, line 296]
2012-03-31 02:50:42 Warning: Warning (2): Invalid argument supplied for foreach() in [C:\xampp\htdocs\cadastro_cultural\views\pfs\edit.ctp, line 328]
2012-03-31 02:50:42 Warning: Warning (2): Invalid argument supplied for foreach() in [C:\xampp\htdocs\cadastro_cultural\views\pfs\edit.ctp, line 357]
2012-03-31 02:52:08 Warning: Warning (2): pg_query() [<a href='http://php.net/function.pg-query'>function.pg-query</a>]: Query failed: ERRO:  sintaxe de entrada é inválida para integer: &quot;img&quot;
LINE 1: ...&quot;.&quot;cidade_id&quot; = &quot;Cidade&quot;.&quot;id&quot;)  WHERE &quot;Pf&quot;.&quot;id&quot; = 'img'    L...
                                                             ^ in [C:\xampp\htdocs\cake\libs\model\datasources\dbo\dbo_postgres.php, line 167]
2012-03-31 02:52:09 Warning: Warning (512): <span style="color:Red;text-align:left"><b>Erro:</b> ERRO:  sintaxe de entrada é inválida para integer: "img"
LINE 1: ..."."cidade_id" = "Cidade"."id")  WHERE "Pf"."id" = 'img'    L...
                                                             ^</span> in [C:\xampp\htdocs\cake\libs\model\datasources\dbo_source.php, line 681]
2012-03-31 02:52:09 Warning: Warning (2): Invalid argument supplied for foreach() in [C:\xampp\htdocs\cadastro_cultural\views\pfs\edit.ctp, line 199]
2012-03-31 02:52:09 Warning: Warning (2): Invalid argument supplied for foreach() in [C:\xampp\htdocs\cadastro_cultural\views\pfs\edit.ctp, line 296]
2012-03-31 02:52:09 Warning: Warning (2): Invalid argument supplied for foreach() in [C:\xampp\htdocs\cadastro_cultural\views\pfs\edit.ctp, line 328]
2012-03-31 02:52:09 Warning: Warning (2): Invalid argument supplied for foreach() in [C:\xampp\htdocs\cadastro_cultural\views\pfs\edit.ctp, line 357]
2012-03-31 02:52:09 Warning: Warning (2): pg_query() [<a href='http://php.net/function.pg-query'>function.pg-query</a>]: Query failed: ERRO:  sintaxe de entrada é inválida para integer: &quot;img&quot;
LINE 1: ...&quot;.&quot;cidade_id&quot; = &quot;Cidade&quot;.&quot;id&quot;)  WHERE &quot;Pf&quot;.&quot;id&quot; = 'img'    L...
                                                             ^ in [C:\xampp\htdocs\cake\libs\model\datasources\dbo\dbo_postgres.php, line 167]
2012-03-31 02:52:09 Warning: Warning (512): <span style="color:Red;text-align:left"><b>Erro:</b> ERRO:  sintaxe de entrada é inválida para integer: "img"
LINE 1: ..."."cidade_id" = "Cidade"."id")  WHERE "Pf"."id" = 'img'    L...
                                                             ^</span> in [C:\xampp\htdocs\cake\libs\model\datasources\dbo_source.php, line 681]
2012-03-31 02:52:09 Warning: Warning (2): Invalid argument supplied for foreach() in [C:\xampp\htdocs\cadastro_cultural\views\pfs\edit.ctp, line 199]
2012-03-31 02:52:10 Warning: Warning (2): Invalid argument supplied for foreach() in [C:\xampp\htdocs\cadastro_cultural\views\pfs\edit.ctp, line 296]
2012-03-31 02:52:10 Warning: Warning (2): Invalid argument supplied for foreach() in [C:\xampp\htdocs\cadastro_cultural\views\pfs\edit.ctp, line 328]
2012-03-31 02:52:10 Warning: Warning (2): Invalid argument supplied for foreach() in [C:\xampp\htdocs\cadastro_cultural\views\pfs\edit.ctp, line 357]
